<?xml version="1.0" encoding="UTF-8"?>
<testng-results ignored="0" total="2" passed="2" failed="0" skipped="0">
  <reporter-output>
  </reporter-output>
  <suite started-at="2022-04-05T00:32:06 IST" name="LoginSuite" finished-at="2022-04-05T00:32:19 IST" duration-ms="12475">
    <groups>
    </groups>
    <test started-at="2022-04-05T00:32:06 IST" name="Test_Chrome" finished-at="2022-04-05T00:32:12 IST" duration-ms="5539">
      <class name="com.test.TC_001_verifyloginPage">
        <test-method is-config="true" signature="setup(java.lang.String)[pri:0, instance:com.test.TC_001_verifyloginPage@5bd03f44]" started-at="2022-04-05T00:32:06 IST" name="setup" finished-at="2022-04-05T00:32:11 IST" duration-ms="4511" status="PASS">
          <params>
            <param index="0">
              <value>
                <![CDATA[Chrome]]>
              </value>
            </param>
          </params>
          <reporter-output>
          </reporter-output>
        </test-method> <!-- setup -->
        <test-method signature="TC_001_verifyFBloginTest_Invaliddata()[pri:0, instance:com.test.TC_001_verifyloginPage@5bd03f44]" started-at="2022-04-05T00:32:11 IST" name="TC_001_verifyFBloginTest_Invaliddata" finished-at="2022-04-05T00:32:11 IST" duration-ms="635" status="PASS">
          <reporter-output>
          </reporter-output>
        </test-method> <!-- TC_001_verifyFBloginTest_Invaliddata -->
        <test-method is-config="true" signature="tearDown()[pri:0, instance:com.test.TC_001_verifyloginPage@5bd03f44]" started-at="2022-04-05T00:32:11 IST" name="tearDown" finished-at="2022-04-05T00:32:12 IST" duration-ms="279" status="PASS">
          <reporter-output>
          </reporter-output>
        </test-method> <!-- tearDown -->
      </class> <!-- com.test.TC_001_verifyloginPage -->
    </test> <!-- Test_Chrome -->
    <test started-at="2022-04-05T00:32:12 IST" name="Test_Edge" finished-at="2022-04-05T00:32:19 IST" duration-ms="6873">
      <class name="com.test.TC_001_verifyloginPage">
        <test-method is-config="true" signature="setup(java.lang.String)[pri:0, instance:com.test.TC_001_verifyloginPage@7fa98a66]" started-at="2022-04-05T00:32:12 IST" name="setup" finished-at="2022-04-05T00:32:18 IST" duration-ms="5872" status="PASS">
          <params>
            <param index="0">
              <value>
                <![CDATA[Edge]]>
              </value>
            </param>
          </params>
          <reporter-output>
          </reporter-output>
        </test-method> <!-- setup -->
        <test-method signature="TC_001_verifyFBloginTest_Invaliddata()[pri:0, instance:com.test.TC_001_verifyloginPage@7fa98a66]" started-at="2022-04-05T00:32:18 IST" name="TC_001_verifyFBloginTest_Invaliddata" finished-at="2022-04-05T00:32:18 IST" duration-ms="633" status="PASS">
          <reporter-output>
          </reporter-output>
        </test-method> <!-- TC_001_verifyFBloginTest_Invaliddata -->
        <test-method is-config="true" signature="tearDown()[pri:0, instance:com.test.TC_001_verifyloginPage@7fa98a66]" started-at="2022-04-05T00:32:18 IST" name="tearDown" finished-at="2022-04-05T00:32:19 IST" duration-ms="358" status="PASS">
          <reporter-output>
          </reporter-output>
        </test-method> <!-- tearDown -->
      </class> <!-- com.test.TC_001_verifyloginPage -->
    </test> <!-- Test_Edge -->
  </suite> <!-- LoginSuite -->
</testng-results>
