<?xml version="1.0" encoding="UTF-8"?>
<!-- Generated by org.testng.reporters.JUnitXMLReporter -->
<testsuite ignored="0" hostname="LAPTOP-H5UK9J5O" failures="0" tests="1" name="Test_01" time="0.074" errors="0" timestamp="2022-04-04T23:05:22 IST">
  <testcase classname="com.Utility.BaseClass" name="@BeforeMethod setup" time="-1.6490937222E9">
    <failure type="org.testng.TestNGException" message="
Can inject only one of &amp;lt;ITestContext, XmlTest, Method, Object[], ITestResult&amp;gt; into a @BeforeMethod annotated setup.
For more information on native dependency injection please refer to https://testng.org/doc/documentation-main.html#native-dependency-injection">
      <![CDATA[org.testng.TestNGException: 
Can inject only one of <ITestContext, XmlTest, Method, Object[], ITestResult> into a @BeforeMethod annotated setup.
For more information on native dependency injection please refer to https://testng.org/doc/documentation-main.html#native-dependency-injection
at java.base/java.util.ArrayList.forEach(ArrayList.java:1511)
... Removed 28 stack frames]]>
    </failure>
  </testcase> <!-- @BeforeMethod setup -->
  <testcase classname="com.Utility.BaseClass" name="@AfterMethod tearDown" time="-1.649093722225E9">
    <skipped/>
  </testcase> <!-- @AfterMethod tearDown -->
  <testcase classname="com.test.TC_001_verifyloginPage" name="TC_001_verifyFBloginTest_Invaliddata" time="0.0">
    <skipped/>
  </testcase> <!-- TC_001_verifyFBloginTest_Invaliddata -->
</testsuite> <!-- Test_01 -->
